<?xml version="1.0" encoding="UTF-8"?>
<!-- Generated by org.testng.reporters.JUnitReportReporter -->
<testsuite hostname="DESKTOP-IEA4V1C" failures="0" tests="1" name="GProject.CreateCustomerTest" time="0.024" errors="0" timestamp="2021-11-19T21:46:50 IST" skipped="0">
  <testcase classname="GProject.CreateCustomerTest" name="createcustomer" time="0.024"/>
  <system-out/>
</testsuite> <!-- GProject.CreateCustomerTest -->
