<?xml version="1.0" encoding="UTF-8"?>
<!-- Generated by org.testng.reporters.JUnitReportReporter -->
<testsuite hostname="DESKTOP-IEA4V1C" failures="0" tests="1" name="GProject.DemoProject" time="0.015" errors="0" timestamp="2021-11-20T21:32:28 IST" skipped="0">
  <testcase classname="GProject.DemoProject" name="dProject" time="0.015"/>
  <system-out/>
</testsuite> <!-- GProject.DemoProject -->
